2018-06-10 10:27:21,652-root-INFO-user eva just logged in
2018-06-10 10:29:14,310-root-INFO-user 姗姗 just logged in
2018-06-10 11:08:00,536-root-INFO-用户<赵日天>登陆系统
2018-06-10 11:14:26,645-root-INFO-用户<赵日天>登陆系统
2018-06-10 11:15:55,863-root-INFO-学生<赵日天>退出系统
2018-06-10 11:16:14,213-root-INFO-用户<蛋蛋>注册账号
2018-06-10 11:16:26,238-root-INFO-用户<姗姗>登陆系统
2018-06-10 11:20:45,220-root-INFO-用户<姗姗>登陆系统
2018-06-10 11:21:54,064-root-INFO-老师<<core.Teacher.Teacher object at 0x00000216F2EF8C88>>退出系统
2018-06-10 11:23:17,296-root-INFO-用户<姗姗>登陆系统
2018-06-10 11:23:19,874-root-INFO-老师<姗姗>退出系统
2018-06-10 11:25:19,679-root-INFO-用户<赵日天>登陆系统
2018-06-10 11:26:33,517-root-INFO-学生<赵日天>退出系统
2018-06-10 11:29:25,370-root-INFO-用户<赵日天>登陆系统
2018-06-10 11:30:41,170-root-INFO-用户<姗姗>登陆系统
2018-06-10 11:30:55,627-root-INFO-老师<姗姗>退出系统
2018-06-10 11:31:06,287-root-INFO-用户<赵日天>登陆系统
2018-06-10 11:34:04,181-root-INFO-用户<姗姗>登陆系统
2018-06-10 11:34:19,407-root-INFO-老师<姗姗>退出系统
2018-06-10 11:35:07,461-root-INFO-用户<赵日天>登陆系统
2018-06-10 11:35:44,339-root-INFO-学生<赵日天>退出系统
2018-06-10 11:35:55,408-root-INFO-用户<eva>登陆系统
2018-06-10 11:39:06,666-root-INFO-用户<eva>登陆系统
2018-06-10 11:42:34,870-root-INFO-用户<eva>登陆系统
2018-06-10 11:46:06,854-root-INFO-用户<eva>登陆系统
2018-06-10 11:48:17,443-root-INFO-管理员<[]>退出系统
2018-06-10 12:01:54,790-root-INFO-用户<eva>登陆系统
2018-06-10 12:03:07,399-root-INFO-用户<eva>登陆系统
2018-06-10 12:03:54,379-root-INFO-用户<eva>登陆系统
2018-06-10 12:07:01,786-root-INFO-用户<eva>登陆系统
2018-06-10 12:12:11,741-root-INFO-用户<eva>登陆系统
2018-06-10 12:19:08,005-root-INFO-用户<eva>登陆系统
2018-06-10 12:23:53,407-root-INFO-用户<eva>登陆系统
2018-06-10 12:23:57,064-root-INFO-管理员<<core.Manager.Manager object at 0x00000227FB7B36A0>>退出系统
2018-06-10 12:24:30,128-root-INFO-用户<eva>登陆系统
2018-06-10 12:24:32,129-root-INFO-管理员<eva>退出系统
2018-06-10 12:26:02,667-root-INFO-用户<eva>登陆系统
2018-06-10 14:27:14,477-root-INFO-管理员<eva>退出系统
2018-06-10 14:27:43,429-root-INFO-用户<姗姗>登陆系统
2018-06-10 14:29:33,152-root-INFO-老师<姗姗>退出系统
2018-06-10 14:29:47,714-root-INFO-用户<赵日天>登陆系统
2018-06-10 14:30:20,673-root-INFO-学生<赵日天>退出系统
